<?xml version="1.0" encoding="UTF-8"?>
<!-- Generated by org.testng.reporters.JUnitReportReporter -->
<testsuite hostname="DESKTOP-LR9256T" failures="0" tests="1" name="test.VisibilityTest" time="17.363" errors="0" timestamp="2025-08-01T11:14:39 IST" skipped="0">
  <testcase classname="test.VisibilityTest" name="testElementVisibleAfterScroll" time="17.363"/>
</testsuite> <!-- test.VisibilityTest -->
