<?xml version="1.0" encoding="UTF-8"?>
<!-- Generated by org.testng.reporters.JUnitReportReporter -->
<testsuite hostname="DESKTOP-LR9256T" failures="0" tests="1" name="test.LoginTest" time="24.809" errors="0" timestamp="2025-08-01T11:14:39 IST" skipped="0">
  <testcase classname="test.LoginTest" name="testValidLogin" time="24.809"/>
</testsuite> <!-- test.LoginTest -->
